5/17/2025 6:17:37 PM: Report Generation - Generated Sales Report from 4/17/2025 to 5/31/2025 (User: 1)
5/17/2025 6:17:43 PM: Report Generation - Generated Sales Report from 4/17/2025 to 5/5/2025 (User: 1)
5/17/2025 6:18:43 PM: Report Generation - Generated Sales Report from 4/17/2025 to 5/17/2025 (User: 1)
5/17/2025 6:30:44 PM: Report Generation - Generated Sales Report from 4/17/2025 to 5/17/2025 (User: 1)
5/17/2025 6:40:04 PM: Report Generation - Generated Sales Report from 4/17/2025 to 5/17/2025 (User: 1)
5/18/2025 9:38:31 PM: Report Generation - Generated Sales Report from 4/17/2025 to 5/28/2025 (User: 1)
5/23/2025 12:51:53 AM: Report Generation - Generated Sales Report from 4/23/2025 to 5/23/2025 (User: 1)
5/23/2025 5:56:27 PM: Report Generation - Generated Sales Report from 4/23/2025 to 5/23/2025 (User: 1)
5/23/2025 5:56:41 PM: Report Generation - Generated Sales Report from 4/15/2025 to 5/22/2025 (User: 1)
5/23/2025 6:06:27 PM: Report Generation - Generated User Activity Report from 4/9/2025 to 5/23/2025 (User: 1)
5/23/2025 6:06:43 PM: Report Generation - Generated Sales Report from 4/9/2025 to 5/23/2025 (User: 1)
5/23/2025 6:06:46 PM: Report Generation - Generated Inventory Report from 4/9/2025 to 5/23/2025 (User: 1)
5/23/2025 6:07:19 PM: Report Generation - Generated Popular Items Report from 4/9/2025 to 5/23/2025 (User: 1)
5/23/2025 6:07:24 PM: Report Generation - Generated Inventory Report from 4/9/2025 to 5/23/2025 (User: 1)
5/23/2025 6:10:32 PM: Report Generation - Generated Sales Report from 4/21/2025 to 5/23/2025 (User: 1)
5/23/2025 6:10:36 PM: Report Generation - Generated User Activity Report from 4/21/2025 to 5/23/2025 (User: 1)
5/23/2025 6:10:49 PM: Report Generation - Generated Inventory Report from 4/2/2025 to 5/23/2025 (User: 1)
5/23/2025 6:11:13 PM: Report Generation - Generated Popular Items Report from 4/2/2025 to 5/23/2025 (User: 1)
5/23/2025 6:11:17 PM: Report Generation - Generated User Activity Report from 4/2/2025 to 5/23/2025 (User: 1)
5/23/2025 6:22:53 PM: Report Generation - Generated Inventory Report from 4/28/2025 to 5/23/2025 (User: 1)
5/23/2025 6:29:23 PM: Report Generation - Generated Inventory Report from 4/9/2025 to 5/23/2025 (User: 1)
5/23/2025 6:33:16 PM: Report Generation - Generated Popular Items Report from 4/2/2025 to 5/23/2025 (User: 1)
5/23/2025 6:33:20 PM: Report Generation - Generated Inventory Report from 4/2/2025 to 5/23/2025 (User: 1)
5/23/2025 6:35:45 PM: Report Generation - Generated Inventory Report from 4/1/2025 to 5/23/2025 (User: 1)
5/23/2025 6:35:47 PM: Report Generation - Generated Inventory Report from 4/1/2025 to 5/23/2025 (User: 1)
5/23/2025 6:37:17 PM: Report Generation - Generated Inventory Report from 4/1/2025 to 5/23/2025 (User: 1)
5/23/2025 6:44:58 PM: Report Generation - Generated Inventory Report from 4/2/2025 to 5/23/2025 (User: 1)
5/23/2025 6:46:05 PM: Report Generation - Generated Inventory Report from 4/2/2025 to 5/23/2025 (User: 1)
